
> inasta@0.1.0 dev
> next dev -p 3000

   ▲ Next.js 16.0.7 (Turbopack)
   - Local:         http://localhost:3000
   - Network:       http://192.168.0.2:3000

 ✓ Starting...
 ⚠ The "middleware" file convention is deprecated. Please use "proxy" instead. Learn more: https://nextjs.org/docs/messages/middleware-to-proxy
 ✓ Ready in 1530ms
 ○ Compiling /login ...
 GET /login 200 in 4.2s (compile: 3.8s, proxy.ts: 105ms, render: 320ms)
prisma:query SELECT "public"."User"."id", "public"."User"."username", "public"."User"."password", "public"."User"."createdAt", "public"."User"."avatarUrl", "public"."User"."isVerified", "public"."User"."isGold", "public"."User"."roles", "public"."User"."verificationToken", "public"."User"."updatedAt", "public"."User"."bio", "public"."User"."oshi", "public"."User"."excludeUnverifiedPosts" FROM "public"."User" WHERE ("public"."User"."username" = $1 AND 1=1) LIMIT $2 OFFSET $3
prisma:query SELECT "public"."Mute"."id", "public"."Mute"."mutedId" FROM "public"."Mute" WHERE "public"."Mute"."muterId" = $1 OFFSET $2
prisma:query SELECT "public"."User"."id", "public"."User"."excludeUnverifiedPosts" FROM "public"."User" WHERE ("public"."User"."id" = $1 AND 1=1) LIMIT $2 OFFSET $3
prisma:query SELECT "public"."Post"."id", "public"."Post"."comment", "public"."Post"."isSpoiler", "public"."Post"."createdAt", "public"."Post"."userId", COALESCE("aggr_selection_0_Like"."_aggr_count_likes", 0) AS "_aggr_count_likes" FROM "public"."Post" LEFT JOIN (SELECT "public"."Like"."postId", COUNT(*) AS "_aggr_count_likes" FROM "public"."Like" WHERE 1=1 GROUP BY "public"."Like"."postId") AS "aggr_selection_0_Like" ON ("public"."Post"."id" = "aggr_selection_0_Like"."postId") WHERE 1=1 ORDER BY "public"."Post"."createdAt" DESC LIMIT $1 OFFSET $2
prisma:query SELECT "public"."_HashtagToPost"."B", "public"."_HashtagToPost"."A" FROM "public"."_HashtagToPost" WHERE "public"."_HashtagToPost"."B" IN ($1,$2,$3,$4,$5,$6,$7,$8,$9,$10,$11,$12)
prisma:query SELECT "public"."Hashtag"."id", "public"."Hashtag"."name" FROM "public"."Hashtag" WHERE "public"."Hashtag"."id" IN ($1,$2,$3,$4,$5,$6,$7,$8,$9,$10,$11,$12,$13,$14,$15,$16) OFFSET $17
prisma:query SELECT "public"."PostImage"."id", "public"."PostImage"."order", "public"."PostImage"."postId" FROM "public"."PostImage" WHERE "public"."PostImage"."postId" IN ($1,$2,$3,$4,$5,$6,$7,$8,$9,$10,$11,$12) ORDER BY "public"."PostImage"."order" ASC OFFSET $13
prisma:query SELECT "public"."User"."id", "public"."User"."username", "public"."User"."avatarUrl", "public"."User"."updatedAt", "public"."User"."isVerified", "public"."User"."isGold", "public"."User"."roles" FROM "public"."User" WHERE "public"."User"."id" IN ($1,$2,$3,$4,$5,$6,$7,$8,$9,$10) OFFSET $11
prisma:query SELECT "public"."Comment"."id", "public"."Comment"."text", "public"."Comment"."userId", "public"."Comment"."postId" FROM "public"."Comment" WHERE "public"."Comment"."postId" IN ($1,$2,$3,$4,$5,$6,$7,$8,$9,$10,$11,$12) ORDER BY "public"."Comment"."createdAt" ASC OFFSET $13
prisma:query SELECT "public"."User"."id", "public"."User"."username", "public"."User"."avatarUrl" FROM "public"."User" WHERE "public"."User"."id" IN ($1,$2,$3,$4,$5,$6,$7) OFFSET $8
prisma:query SELECT "public"."Like"."id", "public"."Like"."userId", "public"."Like"."postId" FROM "public"."Like" WHERE ("public"."Like"."userId" = $1 AND "public"."Like"."postId" IN ($2,$3,$4,$5,$6,$7,$8,$9,$10,$11,$12,$13)) OFFSET $14
 GET / 200 in 2.4s (compile: 1399ms, proxy.ts: 20ms, render: 1002ms)
 POST /login 303 in 3.1s (compile: 6ms, proxy.ts: 12ms, render: 3.1s)
 GET /api/image/522.jpg 200 in 1821ms (compile: 1733ms, render: 88ms)
 GET /api/image/520.jpg 200 in 1820ms (compile: 1726ms, render: 93ms)
 GET /api/image/521.jpg 200 in 1821ms (compile: 1727ms, render: 94ms)
 GET /api/image/519.jpg 200 in 1819ms (compile: 1724ms, render: 96ms)
 GET /api/image/523.jpg 200 in 1830ms (compile: 1734ms, render: 96ms)
 GET /diary/new?date=2025-12-22 200 in 2.8s (compile: 2.4s, proxy.ts: 12ms, render: 334ms)
prisma:query SELECT "public"."Post"."id", "public"."Post"."imageUrl" FROM "public"."Post" WHERE "public"."Post"."id" IN ($1,$2,$3,$4,$5) OFFSET $6
prisma:query SELECT "public"."Diary"."id", "public"."Diary"."title", "public"."Diary"."content", "public"."Diary"."thumbnailUrl", "public"."Diary"."date", "public"."Diary"."isDraft", "public"."Diary"."createdAt", "public"."Diary"."updatedAt", "public"."Diary"."userId" FROM "public"."Diary" WHERE ("public"."Diary"."userId" = $1 AND "public"."Diary"."date" >= $2 AND "public"."Diary"."date" <= $3 AND "public"."Diary"."isDraft" = $4) LIMIT $5 OFFSET $6
 POST /diary/new?date=2025-12-22 200 in 169ms (compile: 7ms, proxy.ts: 12ms, render: 150ms)
prisma:query SELECT "public"."Diary"."id", "public"."Diary"."title", "public"."Diary"."content", "public"."Diary"."thumbnailUrl", "public"."Diary"."date", "public"."Diary"."isDraft", "public"."Diary"."createdAt", "public"."Diary"."updatedAt", "public"."Diary"."userId" FROM "public"."Diary" WHERE ("public"."Diary"."userId" = $1 AND "public"."Diary"."date" >= $2 AND "public"."Diary"."date" <= $3) LIMIT $4 OFFSET $5
prisma:query UPDATE "public"."Diary" SET "title" = $1, "content" = $2, "thumbnailUrl" = $3, "date" = $4, "isDraft" = $5, "updatedAt" = $6 WHERE ("public"."Diary"."id" = $7 AND 1=1) RETURNING "public"."Diary"."id", "public"."Diary"."title", "public"."Diary"."content", "public"."Diary"."thumbnailUrl", "public"."Diary"."date", "public"."Diary"."isDraft", "public"."Diary"."createdAt", "public"."Diary"."updatedAt", "public"."Diary"."userId"
 POST /diary/new?date=2025-12-22 200 in 162ms (compile: 4ms, proxy.ts: 11ms, render: 147ms)
[?25h
