
> inasta@0.1.0 dev
> next dev

   ▲ Next.js 16.0.7 (Turbopack)
   - Local:         http://localhost:3000
   - Network:       http://192.168.0.2:3000
   - Experiments (use with caution):
     · optimizePackageImports

 ✓ Starting...
 ⚠ The "middleware" file convention is deprecated. Please use "proxy" instead. Learn more: https://nextjs.org/docs/messages/middleware-to-proxy
 ✓ Ready in 1490ms
 ○ Compiling /login ...
 GET /login 200 in 4.5s (compile: 4.0s, proxy.ts: 108ms, render: 329ms)
 GET /login 200 in 214ms (compile: 91ms, proxy.ts: 5ms, render: 118ms)
 GET /login 200 in 72ms (compile: 8ms, proxy.ts: 5ms, render: 59ms)
 ✓ Compiled in 46ms
 GET /verify-video 200 in 2.4s (compile: 2.2s, proxy.ts: 23ms, render: 166ms)
prisma:query SELECT "public"."Comment"."id", "public"."Comment"."text", "public"."Comment"."userId" FROM "public"."Comment" WHERE "public"."Comment"."postId" = $1 ORDER BY "public"."Comment"."createdAt" ASC OFFSET $2
 ⨯ Error: [object Object]
    at ignore-listed frames {
  digest: '4110579868'
}
 POST /verify-video 500 in 1164ms (compile: 8ms, proxy.ts: 8ms, render: 1147ms)
 ✓ Compiled in 34ms
