
> inasta@0.1.0 dev
> next dev -p 3000

   ▲ Next.js 16.0.7 (Turbopack)
   - Local:         http://localhost:3000
   - Network:       http://192.168.0.2:3000

 ✓ Starting...
 ⚠ The "middleware" file convention is deprecated. Please use "proxy" instead. Learn more: https://nextjs.org/docs/messages/middleware-to-proxy
 ✓ Ready in 1609ms
 ○ Compiling /login ...
 GET /login 200 in 4.1s (compile: 3.7s, proxy.ts: 114ms, render: 283ms)
prisma:query SELECT "public"."User"."id", "public"."User"."username", "public"."User"."password", "public"."User"."createdAt", "public"."User"."avatarUrl", "public"."User"."isVerified", "public"."User"."isGold", "public"."User"."roles", "public"."User"."verificationToken", "public"."User"."updatedAt", "public"."User"."bio", "public"."User"."oshi", "public"."User"."excludeUnverifiedPosts" FROM "public"."User" WHERE ("public"."User"."username" = $1 AND 1=1) LIMIT $2 OFFSET $3
prisma:query SELECT "public"."Mute"."id", "public"."Mute"."mutedId" FROM "public"."Mute" WHERE "public"."Mute"."muterId" = $1 OFFSET $2
prisma:query SELECT "public"."User"."id", "public"."User"."excludeUnverifiedPosts" FROM "public"."User" WHERE ("public"."User"."id" = $1 AND 1=1) LIMIT $2 OFFSET $3
prisma:query SELECT "public"."Post"."id", "public"."Post"."comment", "public"."Post"."isSpoiler", "public"."Post"."createdAt", "public"."Post"."userId", COALESCE("aggr_selection_0_Like"."_aggr_count_likes", 0) AS "_aggr_count_likes" FROM "public"."Post" LEFT JOIN (SELECT "public"."Like"."postId", COUNT(*) AS "_aggr_count_likes" FROM "public"."Like" WHERE 1=1 GROUP BY "public"."Like"."postId") AS "aggr_selection_0_Like" ON ("public"."Post"."id" = "aggr_selection_0_Like"."postId") WHERE 1=1 ORDER BY "public"."Post"."createdAt" DESC LIMIT $1 OFFSET $2
prisma:query SELECT "public"."_HashtagToPost"."B", "public"."_HashtagToPost"."A" FROM "public"."_HashtagToPost" WHERE "public"."_HashtagToPost"."B" IN ($1,$2,$3,$4,$5,$6,$7,$8,$9,$10,$11,$12)
prisma:query SELECT "public"."Hashtag"."id", "public"."Hashtag"."name" FROM "public"."Hashtag" WHERE "public"."Hashtag"."id" IN ($1,$2,$3,$4,$5,$6,$7,$8,$9,$10,$11,$12,$13,$14,$15,$16) OFFSET $17
prisma:query SELECT "public"."PostImage"."id", "public"."PostImage"."order", "public"."PostImage"."postId" FROM "public"."PostImage" WHERE "public"."PostImage"."postId" IN ($1,$2,$3,$4,$5,$6,$7,$8,$9,$10,$11,$12) ORDER BY "public"."PostImage"."order" ASC OFFSET $13
prisma:query SELECT "public"."User"."id", "public"."User"."username", "public"."User"."avatarUrl", "public"."User"."updatedAt", "public"."User"."isVerified", "public"."User"."isGold", "public"."User"."roles" FROM "public"."User" WHERE "public"."User"."id" IN ($1,$2,$3,$4,$5,$6,$7,$8,$9,$10) OFFSET $11
prisma:query SELECT "public"."Comment"."id", "public"."Comment"."text", "public"."Comment"."userId", "public"."Comment"."postId" FROM "public"."Comment" WHERE "public"."Comment"."postId" IN ($1,$2,$3,$4,$5,$6,$7,$8,$9,$10,$11,$12) ORDER BY "public"."Comment"."createdAt" ASC OFFSET $13
prisma:query SELECT "public"."User"."id", "public"."User"."username", "public"."User"."avatarUrl" FROM "public"."User" WHERE "public"."User"."id" IN ($1,$2,$3,$4,$5,$6,$7) OFFSET $8
prisma:query SELECT "public"."Like"."id", "public"."Like"."userId", "public"."Like"."postId" FROM "public"."Like" WHERE ("public"."Like"."userId" = $1 AND "public"."Like"."postId" IN ($2,$3,$4,$5,$6,$7,$8,$9,$10,$11,$12,$13)) OFFSET $14
 GET / 200 in 2.3s (compile: 1365ms, proxy.ts: 14ms, render: 906ms)
 POST /login 303 in 2.9s (compile: 7ms, proxy.ts: 11ms, render: 2.9s)
 GET /api/image/523.jpg 200 in 2.0s (compile: 1928ms, render: 120ms)
 GET /api/image/521.jpg 200 in 2.0s (compile: 1926ms, render: 120ms)
 GET /api/image/519.jpg 200 in 2.0s (compile: 1920ms, render: 122ms)
 GET /api/image/520.jpg 200 in 2.0s (compile: 1925ms, render: 121ms)
 GET /api/image/522.jpg 200 in 2.0s (compile: 1927ms, render: 121ms)
 GET /diary/new?date=2025-12-23 200 in 2.9s (compile: 2.5s, proxy.ts: 12ms, render: 427ms)
prisma:query SELECT "public"."Post"."id", "public"."Post"."imageUrl" FROM "public"."Post" WHERE "public"."Post"."id" IN ($1,$2,$3,$4,$5) OFFSET $6
prisma:query SELECT "public"."Diary"."id", "public"."Diary"."title", "public"."Diary"."content", "public"."Diary"."thumbnailUrl", "public"."Diary"."date", "public"."Diary"."isDraft", "public"."Diary"."createdAt", "public"."Diary"."updatedAt", "public"."Diary"."userId" FROM "public"."Diary" WHERE ("public"."Diary"."userId" = $1 AND "public"."Diary"."date" >= $2 AND "public"."Diary"."date" <= $3 AND "public"."Diary"."isDraft" = $4) LIMIT $5 OFFSET $6
 POST /diary/new?date=2025-12-23 200 in 161ms (compile: 6ms, proxy.ts: 9ms, render: 145ms)
prisma:query SELECT "public"."Diary"."id", "public"."Diary"."title", "public"."Diary"."content", "public"."Diary"."thumbnailUrl", "public"."Diary"."date", "public"."Diary"."isDraft", "public"."Diary"."createdAt", "public"."Diary"."updatedAt", "public"."Diary"."userId" FROM "public"."Diary" WHERE ("public"."Diary"."userId" = $1 AND "public"."Diary"."date" >= $2 AND "public"."Diary"."date" <= $3) LIMIT $4 OFFSET $5
prisma:query INSERT INTO "public"."Diary" ("title","content","thumbnailUrl","date","isDraft","createdAt","updatedAt","userId") VALUES ($1,$2,$3,$4,$5,$6,$7,$8) RETURNING "public"."Diary"."id", "public"."Diary"."title", "public"."Diary"."content", "public"."Diary"."thumbnailUrl", "public"."Diary"."date", "public"."Diary"."isDraft", "public"."Diary"."createdAt", "public"."Diary"."updatedAt", "public"."Diary"."userId"
 POST /diary/new?date=2025-12-23 200 in 167ms (compile: 5ms, proxy.ts: 7ms, render: 154ms)
 GET /diary/new?date=2025-12-23 200 in 95ms (compile: 4ms, proxy.ts: 7ms, render: 85ms)
prisma:query SELECT "public"."Diary"."id", "public"."Diary"."title", "public"."Diary"."content", "public"."Diary"."thumbnailUrl", "public"."Diary"."date", "public"."Diary"."isDraft", "public"."Diary"."createdAt", "public"."Diary"."updatedAt", "public"."Diary"."userId" FROM "public"."Diary" WHERE ("public"."Diary"."userId" = $1 AND "public"."Diary"."date" >= $2 AND "public"."Diary"."date" <= $3 AND "public"."Diary"."isDraft" = $4) LIMIT $5 OFFSET $6
 POST /diary/new?date=2025-12-23 200 in 56ms (compile: 4ms, proxy.ts: 6ms, render: 46ms)
prisma:query SELECT "public"."Diary"."id", "public"."Diary"."title", "public"."Diary"."content", "public"."Diary"."thumbnailUrl", "public"."Diary"."date", "public"."Diary"."isDraft", "public"."Diary"."createdAt", "public"."Diary"."updatedAt", "public"."Diary"."userId" FROM "public"."Diary" WHERE ("public"."Diary"."userId" = $1 AND "public"."Diary"."date" >= $2 AND "public"."Diary"."date" <= $3) LIMIT $4 OFFSET $5
prisma:query UPDATE "public"."Diary" SET "title" = $1, "content" = $2, "thumbnailUrl" = $3, "date" = $4, "isDraft" = $5, "updatedAt" = $6 WHERE ("public"."Diary"."id" = $7 AND 1=1) RETURNING "public"."Diary"."id", "public"."Diary"."title", "public"."Diary"."content", "public"."Diary"."thumbnailUrl", "public"."Diary"."date", "public"."Diary"."isDraft", "public"."Diary"."createdAt", "public"."Diary"."updatedAt", "public"."Diary"."userId"
prisma:query SELECT "public"."Diary"."id", "public"."Diary"."title", "public"."Diary"."content", "public"."Diary"."thumbnailUrl", "public"."Diary"."date", "public"."Diary"."isDraft", "public"."Diary"."createdAt", "public"."Diary"."updatedAt", "public"."Diary"."userId", COALESCE("aggr_selection_0_DiaryLike"."_aggr_count_likes", 0) AS "_aggr_count_likes", COALESCE("aggr_selection_1_DiaryComment"."_aggr_count_comments", 0) AS "_aggr_count_comments" FROM "public"."Diary" LEFT JOIN (SELECT "public"."DiaryLike"."diaryId", COUNT(*) AS "_aggr_count_likes" FROM "public"."DiaryLike" WHERE 1=1 GROUP BY "public"."DiaryLike"."diaryId") AS "aggr_selection_0_DiaryLike" ON ("public"."Diary"."id" = "aggr_selection_0_DiaryLike"."diaryId") LEFT JOIN (SELECT "public"."DiaryComment"."diaryId", COUNT(*) AS "_aggr_count_comments" FROM "public"."DiaryComment" WHERE 1=1 GROUP BY "public"."DiaryComment"."diaryId") AS "aggr_selection_1_DiaryComment" ON ("public"."Diary"."id" = "aggr_selection_1_DiaryComment"."diaryId") WHERE ("public"."Diary"."date" >= $1 AND "public"."Diary"."date" <= $2 AND "public"."Diary"."isDraft" = $3) ORDER BY "public"."Diary"."date" DESC OFFSET $4
prisma:query SELECT "public"."User"."id", "public"."User"."username", "public"."User"."avatarUrl", "public"."User"."isVerified", "public"."User"."isGold" FROM "public"."User" WHERE "public"."User"."id" IN ($1,$2) OFFSET $3
prisma:query SELECT "public"."Diary"."id", "public"."Diary"."date" FROM "public"."Diary" WHERE "public"."Diary"."isDraft" = $1 ORDER BY "public"."Diary"."date" DESC OFFSET $2
prisma:query SELECT COUNT(*) FROM (SELECT "public"."Diary"."id" FROM "public"."Diary" WHERE ("public"."Diary"."userId" = $1 AND "public"."Diary"."date" >= $2 AND "public"."Diary"."date" <= $3 AND "public"."Diary"."isDraft" = $4) OFFSET $5) AS "sub"
 GET /diary?date=2025-12-23 200 in 1759ms (compile: 1383ms, proxy.ts: 6ms, render: 370ms)
 POST /diary/new?date=2025-12-23 303 in 1927ms (compile: 5ms, proxy.ts: 6ms, render: 1916ms)
prisma:query SELECT "public"."Diary"."id", "public"."Diary"."title", "public"."Diary"."content", "public"."Diary"."thumbnailUrl", "public"."Diary"."date", "public"."Diary"."isDraft", "public"."Diary"."createdAt", "public"."Diary"."updatedAt", "public"."Diary"."userId", COALESCE("aggr_selection_0_DiaryLike"."_aggr_count_likes", 0) AS "_aggr_count_likes", COALESCE("aggr_selection_1_DiaryComment"."_aggr_count_comments", 0) AS "_aggr_count_comments" FROM "public"."Diary" LEFT JOIN (SELECT "public"."DiaryLike"."diaryId", COUNT(*) AS "_aggr_count_likes" FROM "public"."DiaryLike" WHERE 1=1 GROUP BY "public"."DiaryLike"."diaryId") AS "aggr_selection_0_DiaryLike" ON ("public"."Diary"."id" = "aggr_selection_0_DiaryLike"."diaryId") LEFT JOIN (SELECT "public"."DiaryComment"."diaryId", COUNT(*) AS "_aggr_count_comments" FROM "public"."DiaryComment" WHERE 1=1 GROUP BY "public"."DiaryComment"."diaryId") AS "aggr_selection_1_DiaryComment" ON ("public"."Diary"."id" = "aggr_selection_1_DiaryComment"."diaryId") WHERE ("public"."Diary"."date" >= $1 AND "public"."Diary"."date" <= $2 AND "public"."Diary"."isDraft" = $3) ORDER BY "public"."Diary"."date" DESC OFFSET $4
prisma:query SELECT "public"."User"."id", "public"."User"."username", "public"."User"."avatarUrl", "public"."User"."isVerified", "public"."User"."isGold" FROM "public"."User" WHERE "public"."User"."id" IN ($1,$2) OFFSET $3
prisma:query SELECT "public"."Diary"."id", "public"."Diary"."title", "public"."Diary"."content", "public"."Diary"."thumbnailUrl", "public"."Diary"."date", "public"."Diary"."isDraft", "public"."Diary"."createdAt", "public"."Diary"."updatedAt", "public"."Diary"."userId" FROM "public"."Diary" WHERE ("public"."Diary"."userId" = $1 AND "public"."Diary"."date" >= $2 AND "public"."Diary"."date" <= $3) LIMIT $4 OFFSET $5
 POST /diary?date=2025-12-23 200 in 291ms (compile: 4ms, proxy.ts: 7ms, render: 280ms)
prisma:query SELECT "public"."Diary"."id", "public"."Diary"."date" FROM "public"."Diary" WHERE "public"."Diary"."isDraft" = $1 ORDER BY "public"."Diary"."date" DESC OFFSET $2
prisma:query SELECT COUNT(*) FROM (SELECT "public"."Diary"."id" FROM "public"."Diary" WHERE ("public"."Diary"."userId" = $1 AND "public"."Diary"."date" >= $2 AND "public"."Diary"."date" <= $3 AND "public"."Diary"."isDraft" = $4) OFFSET $5) AS "sub"
 GET /diary?date=2025-12-23 200 in 576ms (compile: 9ms, proxy.ts: 7ms, render: 560ms)
