
> inasta@0.1.0 start
> next start

   ▲ Next.js 16.0.7
   - Local:         http://localhost:3000
   - Network:       http://192.168.0.2:3000

 ✓ Starting...
 ✓ Ready in 691ms
prisma:query SELECT "public"."User"."id", "public"."User"."username", "public"."User"."password", "public"."User"."createdAt", "public"."User"."avatarUrl", "public"."User"."avatarBlobUrl", "public"."User"."isVerified", "public"."User"."isGold", "public"."User"."verificationToken", "public"."User"."updatedAt", "public"."User"."bio", "public"."User"."oshi", "public"."User"."excludeUnverifiedPosts" FROM "public"."User" WHERE ("public"."User"."username" = $1 AND 1=1) LIMIT $2 OFFSET $3
prisma:query INSERT INTO "public"."User" ("username","password","createdAt","isVerified","isGold","updatedAt","excludeUnverifiedPosts") VALUES ($1,$2,$3,$4,$5,$6,$7) RETURNING "public"."User"."id", "public"."User"."username", "public"."User"."password", "public"."User"."createdAt", "public"."User"."avatarUrl", "public"."User"."avatarBlobUrl", "public"."User"."isVerified", "public"."User"."isGold", "public"."User"."verificationToken", "public"."User"."updatedAt", "public"."User"."bio", "public"."User"."oshi", "public"."User"."excludeUnverifiedPosts"
prisma:query SELECT "public"."Mute"."id", "public"."Mute"."mutedId" FROM "public"."Mute" WHERE "public"."Mute"."muterId" = $1 OFFSET $2
prisma:query SELECT "public"."User"."id", "public"."User"."excludeUnverifiedPosts" FROM "public"."User" WHERE ("public"."User"."id" = $1 AND 1=1) LIMIT $2 OFFSET $3
prisma:query SELECT "public"."Post"."id", "public"."Post"."imageUrl", "public"."Post"."imageBlobUrl", "public"."Post"."comment", "public"."Post"."createdAt", "public"."Post"."userId", COALESCE("aggr_selection_0_Like"."_aggr_count_likes", 0) AS "_aggr_count_likes" FROM "public"."Post" LEFT JOIN (SELECT "public"."Like"."postId", COUNT(*) AS "_aggr_count_likes" FROM "public"."Like" WHERE 1=1 GROUP BY "public"."Like"."postId") AS "aggr_selection_0_Like" ON ("public"."Post"."id" = "aggr_selection_0_Like"."postId") WHERE 1=1 ORDER BY "public"."Post"."createdAt" DESC LIMIT $1 OFFSET $2
prisma:query SELECT "public"."Hashtag"."id", "public"."Hashtag"."name", "t0"."B" AS "HashtagToPost@Post" FROM "public"."Hashtag" INNER JOIN "public"."_HashtagToPost" AS "t0" ON "t0"."A" = "public"."Hashtag"."id" WHERE (1=1 AND "t0"."B" IN ($1,$2,$3,$4,$5,$6,$7,$8,$9,$10,$11,$12)) OFFSET $13
prisma:query SELECT "public"."Comment"."id", "public"."Comment"."text", "public"."Comment"."userId", "public"."Comment"."postId" FROM "public"."Comment" WHERE "public"."Comment"."postId" IN ($1,$2,$3,$4,$5,$6,$7,$8,$9,$10,$11,$12) ORDER BY "public"."Comment"."createdAt" ASC OFFSET $13
prisma:query SELECT "public"."Like"."id", "public"."Like"."userId", "public"."Like"."postId" FROM "public"."Like" WHERE ("public"."Like"."userId" = $1 AND "public"."Like"."postId" IN ($2,$3,$4,$5,$6,$7,$8,$9,$10,$11,$12,$13)) OFFSET $14
prisma:query SELECT "public"."User"."id", "public"."User"."username", "public"."User"."avatarUrl", "public"."User"."avatarBlobUrl" FROM "public"."User" WHERE "public"."User"."id" IN ($1,$2,$3) OFFSET $4
prisma:query SELECT "public"."User"."id", "public"."User"."username", "public"."User"."avatarUrl", "public"."User"."avatarBlobUrl", "public"."User"."updatedAt", "public"."User"."isVerified", "public"."User"."isGold" FROM "public"."User" WHERE "public"."User"."id" IN ($1,$2,$3,$4,$5,$6,$7,$8,$9,$10,$11,$12) OFFSET $13
prisma:query SELECT "public"."PostImage"."id", "public"."PostImage"."order", "public"."PostImage"."url", "public"."PostImage"."blobUrl", "public"."PostImage"."postId" FROM "public"."PostImage" WHERE "public"."PostImage"."postId" IN ($1,$2,$3,$4,$5,$6,$7,$8,$9,$10,$11,$12) ORDER BY "public"."PostImage"."order" ASC OFFSET $13
prisma:query SELECT "public"."User"."id", "public"."User"."username", "public"."User"."password", "public"."User"."createdAt", "public"."User"."avatarUrl", "public"."User"."avatarBlobUrl", "public"."User"."isVerified", "public"."User"."isGold", "public"."User"."verificationToken", "public"."User"."updatedAt", "public"."User"."bio", "public"."User"."oshi", "public"."User"."excludeUnverifiedPosts" FROM "public"."User" WHERE ("public"."User"."username" = $1 AND 1=1) LIMIT $2 OFFSET $3
prisma:query INSERT INTO "public"."User" ("username","password","createdAt","isVerified","isGold","updatedAt","excludeUnverifiedPosts") VALUES ($1,$2,$3,$4,$5,$6,$7) RETURNING "public"."User"."id", "public"."User"."username", "public"."User"."password", "public"."User"."createdAt", "public"."User"."avatarUrl", "public"."User"."avatarBlobUrl", "public"."User"."isVerified", "public"."User"."isGold", "public"."User"."verificationToken", "public"."User"."updatedAt", "public"."User"."bio", "public"."User"."oshi", "public"."User"."excludeUnverifiedPosts"
prisma:query SELECT "public"."Mute"."id", "public"."Mute"."mutedId" FROM "public"."Mute" WHERE "public"."Mute"."muterId" = $1 OFFSET $2
prisma:query SELECT "public"."User"."id", "public"."User"."excludeUnverifiedPosts" FROM "public"."User" WHERE ("public"."User"."id" = $1 AND 1=1) LIMIT $2 OFFSET $3
prisma:query SELECT "public"."Post"."id", "public"."Post"."imageUrl", "public"."Post"."imageBlobUrl", "public"."Post"."comment", "public"."Post"."createdAt", "public"."Post"."userId", COALESCE("aggr_selection_0_Like"."_aggr_count_likes", 0) AS "_aggr_count_likes" FROM "public"."Post" LEFT JOIN (SELECT "public"."Like"."postId", COUNT(*) AS "_aggr_count_likes" FROM "public"."Like" WHERE 1=1 GROUP BY "public"."Like"."postId") AS "aggr_selection_0_Like" ON ("public"."Post"."id" = "aggr_selection_0_Like"."postId") WHERE 1=1 ORDER BY "public"."Post"."createdAt" DESC LIMIT $1 OFFSET $2
prisma:query SELECT "public"."Hashtag"."id", "public"."Hashtag"."name", "t0"."B" AS "HashtagToPost@Post" FROM "public"."Hashtag" INNER JOIN "public"."_HashtagToPost" AS "t0" ON "t0"."A" = "public"."Hashtag"."id" WHERE (1=1 AND "t0"."B" IN ($1,$2,$3,$4,$5,$6,$7,$8,$9,$10,$11,$12)) OFFSET $13
prisma:query SELECT "public"."Like"."id", "public"."Like"."userId", "public"."Like"."postId" FROM "public"."Like" WHERE ("public"."Like"."userId" = $1 AND "public"."Like"."postId" IN ($2,$3,$4,$5,$6,$7,$8,$9,$10,$11,$12,$13)) OFFSET $14
prisma:query SELECT "public"."Comment"."id", "public"."Comment"."text", "public"."Comment"."userId", "public"."Comment"."postId" FROM "public"."Comment" WHERE "public"."Comment"."postId" IN ($1,$2,$3,$4,$5,$6,$7,$8,$9,$10,$11,$12) ORDER BY "public"."Comment"."createdAt" ASC OFFSET $13
prisma:query SELECT "public"."User"."id", "public"."User"."username", "public"."User"."avatarUrl", "public"."User"."avatarBlobUrl" FROM "public"."User" WHERE "public"."User"."id" IN ($1,$2,$3) OFFSET $4
prisma:query SELECT "public"."User"."id", "public"."User"."username", "public"."User"."avatarUrl", "public"."User"."avatarBlobUrl", "public"."User"."updatedAt", "public"."User"."isVerified", "public"."User"."isGold" FROM "public"."User" WHERE "public"."User"."id" IN ($1,$2,$3,$4,$5,$6,$7,$8,$9,$10,$11,$12) OFFSET $13
prisma:query SELECT "public"."PostImage"."id", "public"."PostImage"."order", "public"."PostImage"."url", "public"."PostImage"."blobUrl", "public"."PostImage"."postId" FROM "public"."PostImage" WHERE "public"."PostImage"."postId" IN ($1,$2,$3,$4,$5,$6,$7,$8,$9,$10,$11,$12) ORDER BY "public"."PostImage"."order" ASC OFFSET $13
prisma:query SELECT "public"."User"."id", "public"."User"."username", "public"."User"."password", "public"."User"."createdAt", "public"."User"."avatarUrl", "public"."User"."avatarBlobUrl", "public"."User"."isVerified", "public"."User"."isGold", "public"."User"."verificationToken", "public"."User"."updatedAt", "public"."User"."bio", "public"."User"."oshi", "public"."User"."excludeUnverifiedPosts" FROM "public"."User" WHERE ("public"."User"."username" = $1 AND 1=1) LIMIT $2 OFFSET $3
prisma:query INSERT INTO "public"."User" ("username","password","createdAt","isVerified","isGold","updatedAt","excludeUnverifiedPosts") VALUES ($1,$2,$3,$4,$5,$6,$7) RETURNING "public"."User"."id", "public"."User"."username", "public"."User"."password", "public"."User"."createdAt", "public"."User"."avatarUrl", "public"."User"."avatarBlobUrl", "public"."User"."isVerified", "public"."User"."isGold", "public"."User"."verificationToken", "public"."User"."updatedAt", "public"."User"."bio", "public"."User"."oshi", "public"."User"."excludeUnverifiedPosts"
prisma:query SELECT "public"."Mute"."id", "public"."Mute"."mutedId" FROM "public"."Mute" WHERE "public"."Mute"."muterId" = $1 OFFSET $2
prisma:query SELECT "public"."User"."id", "public"."User"."excludeUnverifiedPosts" FROM "public"."User" WHERE ("public"."User"."id" = $1 AND 1=1) LIMIT $2 OFFSET $3
prisma:query SELECT "public"."Post"."id", "public"."Post"."imageUrl", "public"."Post"."imageBlobUrl", "public"."Post"."comment", "public"."Post"."createdAt", "public"."Post"."userId", COALESCE("aggr_selection_0_Like"."_aggr_count_likes", 0) AS "_aggr_count_likes" FROM "public"."Post" LEFT JOIN (SELECT "public"."Like"."postId", COUNT(*) AS "_aggr_count_likes" FROM "public"."Like" WHERE 1=1 GROUP BY "public"."Like"."postId") AS "aggr_selection_0_Like" ON ("public"."Post"."id" = "aggr_selection_0_Like"."postId") WHERE 1=1 ORDER BY "public"."Post"."createdAt" DESC LIMIT $1 OFFSET $2
prisma:query SELECT "public"."Hashtag"."id", "public"."Hashtag"."name", "t0"."B" AS "HashtagToPost@Post" FROM "public"."Hashtag" INNER JOIN "public"."_HashtagToPost" AS "t0" ON "t0"."A" = "public"."Hashtag"."id" WHERE (1=1 AND "t0"."B" IN ($1,$2,$3,$4,$5,$6,$7,$8,$9,$10,$11,$12)) OFFSET $13
prisma:query SELECT "public"."Like"."id", "public"."Like"."userId", "public"."Like"."postId" FROM "public"."Like" WHERE ("public"."Like"."userId" = $1 AND "public"."Like"."postId" IN ($2,$3,$4,$5,$6,$7,$8,$9,$10,$11,$12,$13)) OFFSET $14
prisma:query SELECT "public"."Comment"."id", "public"."Comment"."text", "public"."Comment"."userId", "public"."Comment"."postId" FROM "public"."Comment" WHERE "public"."Comment"."postId" IN ($1,$2,$3,$4,$5,$6,$7,$8,$9,$10,$11,$12) ORDER BY "public"."Comment"."createdAt" ASC OFFSET $13
prisma:query SELECT "public"."User"."id", "public"."User"."username", "public"."User"."avatarUrl", "public"."User"."avatarBlobUrl" FROM "public"."User" WHERE "public"."User"."id" IN ($1,$2,$3) OFFSET $4
prisma:query SELECT "public"."User"."id", "public"."User"."username", "public"."User"."avatarUrl", "public"."User"."avatarBlobUrl", "public"."User"."updatedAt", "public"."User"."isVerified", "public"."User"."isGold" FROM "public"."User" WHERE "public"."User"."id" IN ($1,$2,$3,$4,$5,$6,$7,$8,$9,$10,$11,$12) OFFSET $13
prisma:query SELECT "public"."PostImage"."id", "public"."PostImage"."order", "public"."PostImage"."url", "public"."PostImage"."blobUrl", "public"."PostImage"."postId" FROM "public"."PostImage" WHERE "public"."PostImage"."postId" IN ($1,$2,$3,$4,$5,$6,$7,$8,$9,$10,$11,$12) ORDER BY "public"."PostImage"."order" ASC OFFSET $13
prisma:query INSERT INTO "public"."Post" ("imageUrl","imageBlobUrl","comment","createdAt","userId") VALUES ($1,$2,$3,$4,$5) RETURNING "public"."Post"."id"
prisma:query SELECT "public"."Post"."id", "public"."Post"."imageUrl", "public"."Post"."imageBlobUrl", "public"."Post"."comment", "public"."Post"."createdAt", "public"."Post"."userId" FROM "public"."Post" WHERE "public"."Post"."id" = $1 LIMIT $2 OFFSET $3
prisma:query COMMIT
prisma:query SELECT "public"."Mute"."id", "public"."Mute"."mutedId" FROM "public"."Mute" WHERE "public"."Mute"."muterId" = $1 OFFSET $2
prisma:query SELECT "public"."User"."id", "public"."User"."excludeUnverifiedPosts" FROM "public"."User" WHERE ("public"."User"."id" = $1 AND 1=1) LIMIT $2 OFFSET $3
prisma:query SELECT "public"."Post"."id", "public"."Post"."imageUrl", "public"."Post"."imageBlobUrl", "public"."Post"."comment", "public"."Post"."createdAt", "public"."Post"."userId", COALESCE("aggr_selection_0_Like"."_aggr_count_likes", 0) AS "_aggr_count_likes" FROM "public"."Post" LEFT JOIN (SELECT "public"."Like"."postId", COUNT(*) AS "_aggr_count_likes" FROM "public"."Like" WHERE 1=1 GROUP BY "public"."Like"."postId") AS "aggr_selection_0_Like" ON ("public"."Post"."id" = "aggr_selection_0_Like"."postId") WHERE 1=1 ORDER BY "public"."Post"."createdAt" DESC LIMIT $1 OFFSET $2
prisma:query SELECT "public"."Comment"."id", "public"."Comment"."text", "public"."Comment"."userId", "public"."Comment"."postId" FROM "public"."Comment" WHERE "public"."Comment"."postId" IN ($1,$2,$3,$4,$5,$6,$7,$8,$9,$10,$11,$12) ORDER BY "public"."Comment"."createdAt" ASC OFFSET $13
prisma:query SELECT "public"."Like"."id", "public"."Like"."userId", "public"."Like"."postId" FROM "public"."Like" WHERE ("public"."Like"."userId" = $1 AND "public"."Like"."postId" IN ($2,$3,$4,$5,$6,$7,$8,$9,$10,$11,$12,$13)) OFFSET $14
prisma:query SELECT "public"."Hashtag"."id", "public"."Hashtag"."name", "t0"."B" AS "HashtagToPost@Post" FROM "public"."Hashtag" INNER JOIN "public"."_HashtagToPost" AS "t0" ON "t0"."A" = "public"."Hashtag"."id" WHERE (1=1 AND "t0"."B" IN ($1,$2,$3,$4,$5,$6,$7,$8,$9,$10,$11,$12)) OFFSET $13
prisma:query SELECT "public"."User"."id", "public"."User"."username", "public"."User"."avatarUrl", "public"."User"."avatarBlobUrl" FROM "public"."User" WHERE "public"."User"."id" IN ($1,$2,$3) OFFSET $4
prisma:query SELECT "public"."User"."id", "public"."User"."username", "public"."User"."avatarUrl", "public"."User"."avatarBlobUrl", "public"."User"."updatedAt", "public"."User"."isVerified", "public"."User"."isGold" FROM "public"."User" WHERE "public"."User"."id" IN ($1,$2,$3,$4,$5,$6,$7,$8,$9,$10,$11,$12) OFFSET $13
prisma:query SELECT "public"."PostImage"."id", "public"."PostImage"."order", "public"."PostImage"."url", "public"."PostImage"."blobUrl", "public"."PostImage"."postId" FROM "public"."PostImage" WHERE "public"."PostImage"."postId" IN ($1,$2,$3,$4,$5,$6,$7,$8,$9,$10,$11,$12) ORDER BY "public"."PostImage"."order" ASC OFFSET $13
